<?xml version="1.0" encoding="utf-8"?><testsuites name="pytest tests"><testsuite name="pytest" errors="0" failures="0" skipped="0" tests="40" time="1.749" timestamp="2026-09-15T18:52:25.285611-07:00" hostname="rev150"><testcase classname="tests.test_api" name="test_service_local_api_and_read_only_mode" time="0.082" /><testcase classname="tests.test_api" name="test_api_malformed_and_oversized_frame_no_side_effect" time="0.003" /><testcase classname="tests.test_evaluation" name="test_scenario_contracts[path0]" time="0.006" /><testcase classname="tests.test_evaluation" name="test_scenario_contracts[path1]" time="0.000" /><testcase classname="tests.test_evaluation" name="test_scenario_contracts[path2]" time="0.001" /><testcase classname="tests.test_evaluation" name="test_scenario_contracts[path3]" time="0.000" /><testcase classname="tests.test_evaluation" name="test_scenario_contracts[path4]" time="0.001" /><testcase classname="tests.test_evaluation" name="test_scenario_contracts[path5]" time="0.000" /><testcase classname="tests.test_evaluation" name="test_scenario_contracts[path6]" time="0.001" /><testcase classname="tests.test_evaluation" name="test_scenario_contracts[path7]" time="0.001" /><testcase classname="tests.test_evaluation" name="test_scenario_contracts[path8]" time="0.001" /><testcase classname="tests.test_evaluation" name="test_scenario_contracts[path9]" time="0.000" /><testcase classname="tests.test_evaluation" name="test_scenario_contracts[path10]" time="0.000" /><testcase classname="tests.test_evaluation" name="test_unknown_configuration_and_request_fields_rejected" time="0.002" /><testcase classname="tests.test_evaluation" name="test_runner_blocked_wire_has_no_semantic_fallback" time="0.053" /><testcase classname="tests.test_evaluation" name="test_model_repetition_evidence_comparison_and_immutability" time="0.109" /><testcase classname="tests.test_evaluation" name="test_model_scenarios[component-lost-reply-OBSERVED_APPLIED]" time="0.054" /><testcase classname="tests.test_evaluation" name="test_model_scenarios[application-rejection-TIMED_OUT]" time="0.054" /><testcase classname="tests.test_evaluation" name="test_model_scenarios[competing-writer-OWNERSHIP_CONFLICT]" time="0.057" /><testcase classname="tests.test_evaluation" name="test_model_scenarios[multi-pod-isolation-TIMED_OUT]" time="0.111" /><testcase classname="tests.test_evaluation" name="test_model_scenarios[controller-restart-OBSERVED_APPLIED]" time="0.066" /><testcase classname="tests.test_evaluation" name="test_late_model_application_does_not_pass_original_deadline" time="0.053" /><testcase classname="tests.test_evaluation" name="test_missing_required_evidence_and_wrong_fault_boundary_do_not_pass" time="0.034" /><testcase classname="tests.test_evaluation" name="test_lxd_command_routes_only_named_endpoints" time="0.000" /><testcase classname="tests.test_model" name="test_commit_is_not_application_and_partial_state_is_not_success" time="0.051" /><testcase classname="tests.test_model" name="test_rejected_config[reject-FAILED]" time="0.033" /><testcase classname="tests.test_model" name="test_rejected_config[guard-conflict-OWNERSHIP_CONFLICT]" time="0.036" /><testcase classname="tests.test_model" name="test_deadline_and_late_evidence_preserve_timing_verdict[False]" time="0.043" /><testcase classname="tests.test_model" name="test_deadline_and_late_evidence_preserve_timing_verdict[True]" time="0.040" /><testcase classname="tests.test_model" name="test_idempotency_busy_and_scope" time="0.035" /><testcase classname="tests.test_model" name="test_conflict_stops_new_writes" time="0.043" /><testcase classname="tests.test_model" name="test_restart_after_durable_submission_never_blindly_replays" time="0.041" /><testcase classname="tests.test_model" name="test_missing_secret_keeps_read_only_recovery" time="0.038" /><testcase classname="tests.test_model" name="test_transition_guards_and_caller_wait" time="0.028" /><testcase classname="tests.test_model" name="test_secret_and_resource_validation" time="0.026" /><testcase classname="tests.test_model" name="test_writer_lock_and_event_exhaustion" time="0.035" /><testcase classname="tests.test_model" name="test_32_model_pods_isolate_delayed_application" time="0.503" /><testcase classname="tests.test_ovsdb" name="test_transaction_result_validation" time="0.000" /><testcase classname="tests.test_qualification" name="test_qualification_rejects_plaintext_remote_and_unsafe_secrets" time="0.006" /><testcase classname="tests.test_traceability" name="test_every_architecture_requirement_and_acceptance_has_a_traceability_row" time="0.003" /></testsuite></testsuites>